<?xml version="1.0" encoding="UTF-8"?>
<!-- Generated by org.testng.reporters.JUnitXMLReporter -->
<testsuite ignored="1" hostname="DESKTOP-1UCDMIU" failures="0" tests="14" name="Default test" time="43.939" errors="0" timestamp="2022-08-27T20:16:39 EDT">
  <testcase classname="hw17_selenium_methods.UseOfWebDriverManager" name="menuTest03" time="0.101"/>
  <testcase classname="hw17_selenium_methods.UseOfWebDriverManager" name="signInButtonTest02" time="20.024"/>
  <testcase classname="hw17_selenium_methods.UseOfWebDriverManager" name="skipHomePageTitleTest" time="0.004"/>
  <testcase classname="hw17_selenium_methods.UseOfWebDriverManager" name="menuTest01" time="0.018"/>
  <testcase classname="hw17_selenium_methods.UseOfWebDriverManager" name="menuTest01" time="0.02"/>
  <testcase classname="hw17_selenium_methods.UseOfWebDriverManager" name="menuTest01" time="0.022"/>
  <testcase classname="hw17_selenium_methods.UseOfWebDriverManager" name="menuTest01" time="0.021"/>
  <testcase classname="hw17_selenium_methods.UseOfWebDriverManager" name="menuTest01" time="0.019"/>
  <testcase classname="hw17_selenium_methods.UseOfWebDriverManager" name="menuTest01" time="0.019"/>
  <testcase classname="hw17_selenium_methods.UseOfWebDriverManager" name="menuTest01" time="0.013"/>
  <testcase classname="hw17_selenium_methods.UseOfWebDriverManager" name="menuTest01" time="0.013"/>
  <testcase classname="hw17_selenium_methods.UseOfWebDriverManager" name="menuTest01" time="0.01"/>
  <testcase classname="hw17_selenium_methods.UseOfWebDriverManager" name="menuTest01" time="0.013"/>
  <testcase classname="hw17_selenium_methods.UseOfWebDriverManager" name="menuTest02" time="0.015"/>
  <testcase classname="hw17_selenium_methods.UseOfWebDriverManager" name="signInTest" time="0.0">
    <ignored/>
  </testcase> <!-- signInTest -->
</testsuite> <!-- Default test -->
