<?xml version="1.0" encoding="UTF-8"?>
<testng-results ignored="0" total="1" passed="1" failed="0" skipped="0">
  <reporter-output>
  </reporter-output>
  <suite started-at="2022-07-07T14:30:29 EDT" name="Default suite" finished-at="2022-07-07T14:30:35 EDT" duration-ms="6246">
    <groups>
    </groups>
    <test started-at="2022-07-07T14:30:29 EDT" name="Default test" finished-at="2022-07-07T14:30:35 EDT" duration-ms="6246">
      <class name="hw15_selenium_methods.GetTextMethods">
        <test-method is-config="true" signature="setup()[pri:0, instance:hw15_selenium_methods.GetTextMethods@316bcf94]" started-at="2022-07-07T14:30:29 EDT" name="setup" finished-at="2022-07-07T14:30:34 EDT" duration-ms="4909" status="PASS">
          <reporter-output>
          </reporter-output>
        </test-method> <!-- setup -->
        <test-method signature="getTheTexttest()[pri:0, instance:hw15_selenium_methods.GetTextMethods@316bcf94]" started-at="2022-07-07T14:30:34 EDT" name="getTheTexttest" finished-at="2022-07-07T14:30:35 EDT" duration-ms="1035" status="PASS">
          <reporter-output>
          </reporter-output>
        </test-method> <!-- getTheTexttest -->
        <test-method is-config="true" signature="endingBrowser()[pri:0, instance:hw15_selenium_methods.GetTextMethods@316bcf94]" started-at="2022-07-07T14:30:35 EDT" name="endingBrowser" finished-at="2022-07-07T14:30:35 EDT" duration-ms="270" status="PASS">
          <reporter-output>
          </reporter-output>
        </test-method> <!-- endingBrowser -->
      </class> <!-- hw15_selenium_methods.GetTextMethods -->
    </test> <!-- Default test -->
  </suite> <!-- Default suite -->
</testng-results>
